[0524/215718.361:ERROR:process_reader_win.cc(151)] SuspendThread: Accès refusé. (0x5)
[0524/215718.364:ERROR:process_reader_win.cc(123)] NtOpenThread: {Accès refusé} Un processus a demandé l’accès a un objet, mais il ne bénéficie pas des autorisations nécessaires. (0xc0000022)
[0524/215718.368:ERROR:exception_snapshot_win.cc(98)] thread ID 8292 not found in process
[0524/215718.385:ERROR:process_reader_win.cc(151)] SuspendThread: Accès refusé. (0x5)
[0524/215718.385:ERROR:process_reader_win.cc(123)] NtOpenThread: {Accès refusé} Un processus a demandé l’accès a un objet, mais il ne bénéficie pas des autorisations nécessaires. (0xc0000022)
[0524/215718.386:ERROR:exception_snapshot_win.cc(98)] thread ID 11676 not found in process
[0524/215718.447:ERROR:process_reader_win.cc(151)] SuspendThread: Accès refusé. (0x5)
[0524/215718.448:ERROR:process_reader_win.cc(151)] SuspendThread: Accès refusé. (0x5)
[0524/215718.448:ERROR:process_reader_win.cc(151)] SuspendThread: Accès refusé. (0x5)
[0524/215718.448:ERROR:process_reader_win.cc(151)] SuspendThread: Accès refusé. (0x5)
[0524/215718.448:ERROR:process_reader_win.cc(151)] SuspendThread: Accès refusé. (0x5)
[0524/215718.451:ERROR:process_reader_win.cc(151)] SuspendThread: Accès refusé. (0x5)
[0524/215718.451:ERROR:process_reader_win.cc(151)] SuspendThread: Accès refusé. (0x5)
[0524/215718.452:ERROR:process_reader_win.cc(151)] SuspendThread: Accès refusé. (0x5)
[0524/215718.453:ERROR:process_reader_win.cc(151)] SuspendThread: Accès refusé. (0x5)
[0524/215718.453:ERROR:process_reader_win.cc(151)] SuspendThread: Accès refusé. (0x5)
[0524/215718.453:ERROR:process_reader_win.cc(151)] SuspendThread: Accès refusé. (0x5)
[0524/215718.453:ERROR:process_reader_win.cc(151)] SuspendThread: Accès refusé. (0x5)
[0524/215718.453:ERROR:process_reader_win.cc(151)] SuspendThread: Accès refusé. (0x5)
[0524/215718.454:ERROR:process_reader_win.cc(151)] SuspendThread: Accès refusé. (0x5)
[0524/215718.454:ERROR:process_reader_win.cc(151)] SuspendThread: Accès refusé. (0x5)
[0524/215718.454:ERROR:process_reader_win.cc(151)] SuspendThread: Accès refusé. (0x5)
[0524/215718.454:ERROR:process_reader_win.cc(151)] SuspendThread: Accès refusé. (0x5)
[0524/215718.454:ERROR:process_reader_win.cc(151)] SuspendThread: Accès refusé. (0x5)
[0524/215718.454:ERROR:process_reader_win.cc(151)] SuspendThread: Accès refusé. (0x5)
[0524/215718.454:ERROR:process_reader_win.cc(151)] SuspendThread: Accès refusé. (0x5)
[0524/215718.454:ERROR:process_reader_win.cc(151)] SuspendThread: Accès refusé. (0x5)
[0524/215718.454:ERROR:process_reader_win.cc(151)] SuspendThread: Accès refusé. (0x5)
[0524/215718.454:ERROR:process_reader_win.cc(151)] SuspendThread: Accès refusé. (0x5)
[0524/215718.454:ERROR:process_reader_win.cc(151)] SuspendThread: Accès refusé. (0x5)
[0524/215718.454:ERROR:process_reader_win.cc(123)] NtOpenThread: {Accès refusé} Un processus a demandé l’accès a un objet, mais il ne bénéficie pas des autorisations nécessaires. (0xc0000022)
[0524/215718.454:ERROR:exception_snapshot_win.cc(98)] thread ID 5192 not found in process
[0524/215718.453:ERROR:process_reader_win.cc(151)] SuspendThread: Accès refusé. (0x5)
[0524/215718.455:ERROR:process_reader_win.cc(151)] SuspendThread: Accès refusé. (0x5)
[0524/215718.455:ERROR:process_reader_win.cc(123)] NtOpenThread: {Accès refusé} Un processus a demandé l’accès a un objet, mais il ne bénéficie pas des autorisations nécessaires. (0xc0000022)
[0524/215718.457:ERROR:exception_snapshot_win.cc(98)] thread ID 11560 not found in process
[0524/215718.461:ERROR:process_reader_win.cc(151)] SuspendThread: Accès refusé. (0x5)
[0524/215718.461:ERROR:process_reader_win.cc(151)] SuspendThread: Accès refusé. (0x5)
[0524/215718.461:ERROR:process_reader_win.cc(151)] SuspendThread: Accès refusé. (0x5)
[0524/215718.461:ERROR:process_reader_win.cc(151)] SuspendThread: Accès refusé. (0x5)
[0524/215718.462:ERROR:process_reader_win.cc(151)] SuspendThread: Accès refusé. (0x5)
[0524/215718.462:ERROR:process_reader_win.cc(151)] SuspendThread: Accès refusé. (0x5)
[0524/215718.462:ERROR:process_reader_win.cc(151)] SuspendThread: Accès refusé. (0x5)
[0524/215718.462:ERROR:process_reader_win.cc(151)] SuspendThread: Accès refusé. (0x5)
[0524/215718.462:ERROR:process_reader_win.cc(151)] SuspendThread: Accès refusé. (0x5)
[0524/215718.462:ERROR:process_reader_win.cc(123)] NtOpenThread: {Accès refusé} Un processus a demandé l’accès a un objet, mais il ne bénéficie pas des autorisations nécessaires. (0xc0000022)
[0524/215718.462:ERROR:exception_snapshot_win.cc(98)] thread ID 8148 not found in process
[0524/215718.497:ERROR:process_reader_win.cc(151)] SuspendThread: Accès refusé. (0x5)
[0524/215718.497:ERROR:process_reader_win.cc(151)] SuspendThread: Accès refusé. (0x5)
[0524/215718.497:ERROR:process_reader_win.cc(151)] SuspendThread: Accès refusé. (0x5)
[0524/215718.497:ERROR:process_reader_win.cc(151)] SuspendThread: Accès refusé. (0x5)
[0524/215718.497:ERROR:process_reader_win.cc(151)] SuspendThread: Accès refusé. (0x5)
[0524/215718.497:ERROR:process_reader_win.cc(151)] SuspendThread: Accès refusé. (0x5)
[0524/215718.498:ERROR:process_reader_win.cc(151)] SuspendThread: Accès refusé. (0x5)
[0524/215718.498:ERROR:process_reader_win.cc(151)] SuspendThread: Accès refusé. (0x5)
[0524/215718.498:ERROR:process_reader_win.cc(151)] SuspendThread: Accès refusé. (0x5)
[0524/215718.498:ERROR:process_reader_win.cc(123)] NtOpenThread: {Accès refusé} Un processus a demandé l’accès a un objet, mais il ne bénéficie pas des autorisations nécessaires. (0xc0000022)
[0524/215718.498:ERROR:exception_snapshot_win.cc(98)] thread ID 3300 not found in process
[0524/215718.505:ERROR:process_reader_win.cc(151)] SuspendThread: Accès refusé. (0x5)
[0524/215718.505:ERROR:process_reader_win.cc(151)] SuspendThread: Accès refusé. (0x5)
[0524/215718.505:ERROR:process_reader_win.cc(151)] SuspendThread: Accès refusé. (0x5)
[0524/215718.505:ERROR:process_reader_win.cc(151)] SuspendThread: Accès refusé. (0x5)
[0524/215718.505:ERROR:process_reader_win.cc(151)] SuspendThread: Accès refusé. (0x5)
[0524/215718.505:ERROR:process_reader_win.cc(151)] SuspendThread: Accès refusé. (0x5)
[0524/215718.505:ERROR:process_reader_win.cc(151)] SuspendThread: Accès refusé. (0x5)
[0524/215718.505:ERROR:process_reader_win.cc(151)] SuspendThread: Accès refusé. (0x5)
[0524/215718.506:ERROR:process_reader_win.cc(151)] SuspendThread: Accès refusé. (0x5)
[0524/215718.506:ERROR:process_reader_win.cc(151)] SuspendThread: Accès refusé. (0x5)
[0524/215718.506:ERROR:process_reader_win.cc(151)] SuspendThread: Accès refusé. (0x5)
[0524/215718.506:ERROR:process_reader_win.cc(151)] SuspendThread: Accès refusé. (0x5)
[0524/215718.506:ERROR:process_reader_win.cc(151)] SuspendThread: Accès refusé. (0x5)
[0524/215718.506:ERROR:process_reader_win.cc(151)] SuspendThread: Accès refusé. (0x5)
[0524/215718.506:ERROR:process_reader_win.cc(151)] SuspendThread: Accès refusé. (0x5)
[0524/215718.506:ERROR:process_reader_win.cc(151)] SuspendThread: Accès refusé. (0x5)
[0524/215718.506:ERROR:process_reader_win.cc(123)] NtOpenThread: {Accès refusé} Un processus a demandé l’accès a un objet, mais il ne bénéficie pas des autorisations nécessaires. (0xc0000022)
[0524/215718.506:ERROR:exception_snapshot_win.cc(98)] thread ID 1272 not found in process
[0527/214939.664:ERROR:process_reader_win.cc(151)] SuspendThread: Accès refusé. (0x5)
[0527/214939.672:ERROR:process_reader_win.cc(123)] NtOpenThread: {Accès refusé} Un processus a demandé l’accès a un objet, mais il ne bénéficie pas des autorisations nécessaires. (0xc0000022)
[0527/214939.676:ERROR:exception_snapshot_win.cc(98)] thread ID 1036 not found in process
[0527/214939.896:ERROR:process_reader_win.cc(151)] SuspendThread: Accès refusé. (0x5)
[0527/214939.896:ERROR:process_reader_win.cc(151)] SuspendThread: Accès refusé. (0x5)
[0527/214939.896:ERROR:process_reader_win.cc(151)] SuspendThread: Accès refusé. (0x5)
[0527/214939.896:ERROR:process_reader_win.cc(151)] SuspendThread: Accès refusé. (0x5)
[0527/214939.896:ERROR:process_reader_win.cc(151)] SuspendThread: Accès refusé. (0x5)
[0527/214939.896:ERROR:process_reader_win.cc(151)] SuspendThread: Accès refusé. (0x5)
[0527/214939.896:ERROR:process_reader_win.cc(151)] SuspendThread: Accès refusé. (0x5)
[0527/214939.896:ERROR:process_reader_win.cc(151)] SuspendThread: Accès refusé. (0x5)
[0527/214939.900:ERROR:process_reader_win.cc(151)] SuspendThread: Accès refusé. (0x5)
[0527/214939.900:ERROR:process_reader_win.cc(151)] SuspendThread: Accès refusé. (0x5)
[0527/214939.900:ERROR:process_reader_win.cc(151)] SuspendThread: Accès refusé. (0x5)
[0527/214939.900:ERROR:process_reader_win.cc(123)] NtOpenThread: {Accès refusé} Un processus a demandé l’accès a un objet, mais il ne bénéficie pas des autorisations nécessaires. (0xc0000022)
[0527/214939.900:ERROR:exception_snapshot_win.cc(98)] thread ID 15292 not found in process
[0527/214939.960:ERROR:process_reader_win.cc(151)] SuspendThread: Accès refusé. (0x5)
[0527/214939.960:ERROR:process_reader_win.cc(151)] SuspendThread: Accès refusé. (0x5)
[0527/214939.960:ERROR:process_reader_win.cc(151)] SuspendThread: Accès refusé. (0x5)
[0527/214939.960:ERROR:process_reader_win.cc(151)] SuspendThread: Accès refusé. (0x5)
[0527/214939.960:ERROR:process_reader_win.cc(151)] SuspendThread: Accès refusé. (0x5)
[0527/214939.960:ERROR:process_reader_win.cc(151)] SuspendThread: Accès refusé. (0x5)
[0527/214939.960:ERROR:process_reader_win.cc(151)] SuspendThread: Accès refusé. (0x5)
[0527/214939.960:ERROR:process_reader_win.cc(151)] SuspendThread: Accès refusé. (0x5)
[0527/214939.960:ERROR:process_reader_win.cc(151)] SuspendThread: Accès refusé. (0x5)
[0527/214939.960:ERROR:process_reader_win.cc(151)] SuspendThread: Accès refusé. (0x5)
[0527/214939.960:ERROR:process_reader_win.cc(151)] SuspendThread: Accès refusé. (0x5)
[0527/214939.964:ERROR:process_reader_win.cc(151)] SuspendThread: Accès refusé. (0x5)
[0527/214939.968:ERROR:process_reader_win.cc(151)] SuspendThread: Accès refusé. (0x5)
[0527/214939.968:ERROR:process_reader_win.cc(151)] SuspendThread: Accès refusé. (0x5)
[0527/214939.968:ERROR:process_reader_win.cc(123)] NtOpenThread: {Accès refusé} Un processus a demandé l’accès a un objet, mais il ne bénéficie pas des autorisations nécessaires. (0xc0000022)
[0527/214939.968:ERROR:exception_snapshot_win.cc(98)] thread ID 2604 not found in process
[0527/214940.044:ERROR:process_reader_win.cc(151)] SuspendThread: Accès refusé. (0x5)
[0527/214940.044:ERROR:process_reader_win.cc(151)] SuspendThread: Accès refusé. (0x5)
[0527/214940.044:ERROR:process_reader_win.cc(151)] SuspendThread: Accès refusé. (0x5)
[0527/214940.044:ERROR:process_reader_win.cc(151)] SuspendThread: Accès refusé. (0x5)
[0527/214940.044:ERROR:process_reader_win.cc(151)] SuspendThread: Accès refusé. (0x5)
[0527/214940.044:ERROR:process_reader_win.cc(151)] SuspendThread: Accès refusé. (0x5)
[0527/214940.044:ERROR:process_reader_win.cc(151)] SuspendThread: Accès refusé. (0x5)
[0527/214940.044:ERROR:process_reader_win.cc(151)] SuspendThread: Accès refusé. (0x5)
[0527/214940.044:ERROR:process_reader_win.cc(151)] SuspendThread: Accès refusé. (0x5)
[0527/214940.044:ERROR:process_reader_win.cc(151)] SuspendThread: Accès refusé. (0x5)
[0527/214940.044:ERROR:process_reader_win.cc(151)] SuspendThread: Accès refusé. (0x5)
[0527/214940.044:ERROR:process_reader_win.cc(123)] NtOpenThread: {Accès refusé} Un processus a demandé l’accès a un objet, mais il ne bénéficie pas des autorisations nécessaires. (0xc0000022)
[0527/214940.044:ERROR:exception_snapshot_win.cc(98)] thread ID 13708 not found in process
[0606/202313.065:ERROR:process_reader_win.cc(151)] SuspendThread: Accès refusé. (0x5)
[0606/202313.080:ERROR:process_reader_win.cc(151)] SuspendThread: Accès refusé. (0x5)
[0606/202313.080:ERROR:process_reader_win.cc(151)] SuspendThread: Accès refusé. (0x5)
[0606/202313.080:ERROR:process_reader_win.cc(151)] SuspendThread: Accès refusé. (0x5)
[0606/202313.080:ERROR:process_reader_win.cc(151)] SuspendThread: Accès refusé. (0x5)
[0606/202313.080:ERROR:process_reader_win.cc(151)] SuspendThread: Accès refusé. (0x5)
[0606/202313.080:ERROR:process_reader_win.cc(151)] SuspendThread: Accès refusé. (0x5)
[0606/202313.080:ERROR:process_reader_win.cc(151)] SuspendThread: Accès refusé. (0x5)
[0606/202313.080:ERROR:process_reader_win.cc(151)] SuspendThread: Accès refusé. (0x5)
[0606/202313.080:ERROR:process_reader_win.cc(151)] SuspendThread: Accès refusé. (0x5)
[0606/202313.080:ERROR:process_reader_win.cc(151)] SuspendThread: Accès refusé. (0x5)
[0606/202313.080:ERROR:process_reader_win.cc(151)] SuspendThread: Accès refusé. (0x5)
[0606/202313.080:ERROR:process_reader_win.cc(151)] SuspendThread: Accès refusé. (0x5)
[0606/202313.080:ERROR:process_reader_win.cc(151)] SuspendThread: Accès refusé. (0x5)
[0606/202313.080:ERROR:process_reader_win.cc(123)] NtOpenThread: {Accès refusé} Un processus a demandé l’accès a un objet, mais il ne bénéficie pas des autorisations nécessaires. (0xc0000022)
[0606/202313.080:ERROR:exception_snapshot_win.cc(98)] thread ID 11168 not found in process
[0606/202313.080:ERROR:process_reader_win.cc(151)] SuspendThread: Accès refusé. (0x5)
[0606/202313.096:ERROR:process_reader_win.cc(123)] NtOpenThread: {Accès refusé} Un processus a demandé l’accès a un objet, mais il ne bénéficie pas des autorisations nécessaires. (0xc0000022)
[0606/202313.096:ERROR:exception_snapshot_win.cc(98)] thread ID 11232 not found in process
[0606/202313.080:ERROR:process_reader_win.cc(151)] SuspendThread: Accès refusé. (0x5)
[0606/202313.096:ERROR:process_reader_win.cc(151)] SuspendThread: Accès refusé. (0x5)
[0606/202313.096:ERROR:process_reader_win.cc(123)] NtOpenThread: {Accès refusé} Un processus a demandé l’accès a un objet, mais il ne bénéficie pas des autorisations nécessaires. (0xc0000022)
[0606/202313.096:ERROR:exception_snapshot_win.cc(98)] thread ID 6184 not found in process
[0606/202313.143:ERROR:process_reader_win.cc(151)] SuspendThread: Accès refusé. (0x5)
[0606/202313.143:ERROR:process_reader_win.cc(151)] SuspendThread: Accès refusé. (0x5)
[0606/202313.143:ERROR:process_reader_win.cc(151)] SuspendThread: Accès refusé. (0x5)
[0606/202313.143:ERROR:process_reader_win.cc(151)] SuspendThread: Accès refusé. (0x5)
[0606/202313.143:ERROR:process_reader_win.cc(151)] SuspendThread: Accès refusé. (0x5)
[0606/202313.143:ERROR:process_reader_win.cc(151)] SuspendThread: Accès refusé. (0x5)
[0606/202313.143:ERROR:process_reader_win.cc(151)] SuspendThread: Accès refusé. (0x5)
[0606/202313.143:ERROR:process_reader_win.cc(151)] SuspendThread: Accès refusé. (0x5)
[0606/202313.143:ERROR:process_reader_win.cc(151)] SuspendThread: Accès refusé. (0x5)
[0606/202313.143:ERROR:process_reader_win.cc(151)] SuspendThread: Accès refusé. (0x5)
[0606/202313.143:ERROR:process_reader_win.cc(151)] SuspendThread: Accès refusé. (0x5)
[0606/202313.143:ERROR:process_reader_win.cc(123)] NtOpenThread: {Accès refusé} Un processus a demandé l’accès a un objet, mais il ne bénéficie pas des autorisations nécessaires. (0xc0000022)
[0606/202313.143:ERROR:exception_snapshot_win.cc(98)] thread ID 2664 not found in process
[0606/202313.159:ERROR:process_reader_win.cc(151)] SuspendThread: Accès refusé. (0x5)
[0606/202313.159:ERROR:process_reader_win.cc(151)] SuspendThread: Accès refusé. (0x5)
[0606/202313.159:ERROR:process_reader_win.cc(151)] SuspendThread: Accès refusé. (0x5)
[0606/202313.159:ERROR:process_reader_win.cc(151)] SuspendThread: Accès refusé. (0x5)
[0606/202313.159:ERROR:process_reader_win.cc(151)] SuspendThread: Accès refusé. (0x5)
[0606/202313.159:ERROR:process_reader_win.cc(151)] SuspendThread: Accès refusé. (0x5)
[0606/202313.159:ERROR:process_reader_win.cc(151)] SuspendThread: Accès refusé. (0x5)
[0606/202313.159:ERROR:process_reader_win.cc(151)] SuspendThread: Accès refusé. (0x5)
[0606/202313.159:ERROR:process_reader_win.cc(151)] SuspendThread: Accès refusé. (0x5)
[0606/202313.159:ERROR:process_reader_win.cc(151)] SuspendThread: Accès refusé. (0x5)
[0606/202313.159:ERROR:process_reader_win.cc(151)] SuspendThread: Accès refusé. (0x5)
[0606/202313.159:ERROR:process_reader_win.cc(151)] SuspendThread: Accès refusé. (0x5)
[0606/202313.159:ERROR:process_reader_win.cc(151)] SuspendThread: Accès refusé. (0x5)
[0606/202313.159:ERROR:process_reader_win.cc(123)] NtOpenThread: {Accès refusé} Un processus a demandé l’accès a un objet, mais il ne bénéficie pas des autorisations nécessaires. (0xc0000022)
[0606/202313.159:ERROR:exception_snapshot_win.cc(98)] thread ID 10508 not found in process
[0606/202313.174:ERROR:process_reader_win.cc(151)] SuspendThread: Accès refusé. (0x5)
[0606/202313.174:ERROR:process_reader_win.cc(151)] SuspendThread: Accès refusé. (0x5)
[0606/202313.174:ERROR:process_reader_win.cc(151)] SuspendThread: Accès refusé. (0x5)
[0606/202313.174:ERROR:process_reader_win.cc(151)] SuspendThread: Accès refusé. (0x5)
[0606/202313.174:ERROR:process_reader_win.cc(151)] SuspendThread: Accès refusé. (0x5)
[0606/202313.174:ERROR:process_reader_win.cc(151)] SuspendThread: Accès refusé. (0x5)
[0606/202313.174:ERROR:process_reader_win.cc(151)] SuspendThread: Accès refusé. (0x5)
[0606/202313.174:ERROR:process_reader_win.cc(151)] SuspendThread: Accès refusé. (0x5)
[0606/202313.174:ERROR:process_reader_win.cc(151)] SuspendThread: Accès refusé. (0x5)
[0606/202313.174:ERROR:process_reader_win.cc(151)] SuspendThread: Accès refusé. (0x5)
[0606/202313.174:ERROR:process_reader_win.cc(151)] SuspendThread: Accès refusé. (0x5)
[0606/202313.174:ERROR:process_reader_win.cc(151)] SuspendThread: Accès refusé. (0x5)
[0606/202313.174:ERROR:process_reader_win.cc(151)] SuspendThread: Accès refusé. (0x5)
[0606/202313.174:ERROR:process_reader_win.cc(151)] SuspendThread: Accès refusé. (0x5)
[0606/202313.174:ERROR:process_reader_win.cc(151)] SuspendThread: Accès refusé. (0x5)
[0606/202313.174:ERROR:process_reader_win.cc(151)] SuspendThread: Accès refusé. (0x5)
[0606/202313.174:ERROR:process_reader_win.cc(123)] NtOpenThread: {Accès refusé} Un processus a demandé l’accès a un objet, mais il ne bénéficie pas des autorisations nécessaires. (0xc0000022)
[0606/202313.174:ERROR:exception_snapshot_win.cc(98)] thread ID 2856 not found in process
[0606/202313.205:ERROR:process_reader_win.cc(151)] SuspendThread: Accès refusé. (0x5)
[0606/202313.205:ERROR:process_reader_win.cc(151)] SuspendThread: Accès refusé. (0x5)
[0606/202313.205:ERROR:process_reader_win.cc(151)] SuspendThread: Accès refusé. (0x5)
[0606/202313.205:ERROR:process_reader_win.cc(151)] SuspendThread: Accès refusé. (0x5)
[0606/202313.205:ERROR:process_reader_win.cc(151)] SuspendThread: Accès refusé. (0x5)
[0606/202313.205:ERROR:process_reader_win.cc(151)] SuspendThread: Accès refusé. (0x5)
[0606/202313.205:ERROR:process_reader_win.cc(151)] SuspendThread: Accès refusé. (0x5)
[0606/202313.205:ERROR:process_reader_win.cc(151)] SuspendThread: Accès refusé. (0x5)
[0606/202313.205:ERROR:process_reader_win.cc(151)] SuspendThread: Accès refusé. (0x5)
[0606/202313.205:ERROR:process_reader_win.cc(151)] SuspendThread: Accès refusé. (0x5)
[0606/202313.205:ERROR:process_reader_win.cc(123)] NtOpenThread: {Accès refusé} Un processus a demandé l’accès a un objet, mais il ne bénéficie pas des autorisations nécessaires. (0xc0000022)
[0606/202313.205:ERROR:exception_snapshot_win.cc(98)] thread ID 10952 not found in process
[0625/205504.052:ERROR:process_reader_win.cc(151)] SuspendThread: Access is denied. (0x5)
[0625/205504.076:ERROR:process_reader_win.cc(123)] NtOpenThread: {Access Denied} A process has requested access to an object, but has not been granted those access rights. (0xc0000022)
[0625/205504.102:ERROR:exception_snapshot_win.cc(98)] thread ID 7072 not found in process
